{"/Users/juandcastillo/Documents/GitHub/Volunteer-App/backend/server.js": {"path":"/Users/juandcastillo/Documents/GitHub/Volunteer-App/backend/server.js","statementMap":{"0":{"start":{"line":1,"column":16},"end":{"line":1,"column":34}},"1":{"start":{"line":2,"column":17},"end":{"line":2,"column":36}},"2":{"start":{"line":3,"column":19},"end":{"line":3,"column":41}},"3":{"start":{"line":4,"column":13},"end":{"line":4,"column":28}},"4":{"start":{"line":5,"column":13},"end":{"line":5,"column":28}},"5":{"start":{"line":6,"column":17},"end":{"line":6,"column":37}},"6":{"start":{"line":7,"column":0},"end":{"line":7,"column":27}},"7":{"start":{"line":9,"column":19},"end":{"line":9,"column":47}},"8":{"start":{"line":10,"column":22},"end":{"line":10,"column":53}},"9":{"start":{"line":11,"column":20},"end":{"line":11,"column":49}},"10":{"start":{"line":12,"column":27},"end":{"line":12,"column":55}},"11":{"start":{"line":14,"column":12},"end":{"line":14,"column":21}},"12":{"start":{"line":15,"column":15},"end":{"line":15,"column":37}},"13":{"start":{"line":16,"column":11},"end":{"line":16,"column":27}},"14":{"start":{"line":18,"column":0},"end":{"line":18,"column":27}},"15":{"start":{"line":19,"column":0},"end":{"line":19,"column":16}},"16":{"start":{"line":21,"column":17},"end":{"line":21,"column":40}},"17":{"start":{"line":23,"column":0},"end":{"line":26,"column":1}},"18":{"start":{"line":24,"column":2},"end":{"line":24,"column":59}},"19":{"start":{"line":25,"column":2},"end":{"line":25,"column":18}},"20":{"start":{"line":29,"column":0},"end":{"line":33,"column":34}},"21":{"start":{"line":32,"column":14},"end":{"line":32,"column":49}},"22":{"start":{"line":33,"column":16},"end":{"line":33,"column":32}},"23":{"start":{"line":35,"column":0},"end":{"line":35,"column":33}},"24":{"start":{"line":36,"column":0},"end":{"line":36,"column":40}},"25":{"start":{"line":37,"column":0},"end":{"line":37,"column":36}},"26":{"start":{"line":38,"column":0},"end":{"line":38,"column":50}},"27":{"start":{"line":40,"column":13},"end":{"line":40,"column":37}},"28":{"start":{"line":42,"column":0},"end":{"line":48,"column":3}},"29":{"start":{"line":43,"column":2},"end":{"line":43,"column":38}},"30":{"start":{"line":45,"column":2},"end":{"line":47,"column":5}},"31":{"start":{"line":46,"column":4},"end":{"line":46,"column":39}},"32":{"start":{"line":50,"column":0},"end":{"line":58,"column":3}},"33":{"start":{"line":51,"column":35},"end":{"line":51,"column":43}},"34":{"start":{"line":52,"column":26},"end":{"line":52,"column":111}},"35":{"start":{"line":53,"column":2},"end":{"line":53,"column":38}},"36":{"start":{"line":55,"column":2},"end":{"line":55,"column":47}},"37":{"start":{"line":57,"column":2},"end":{"line":57,"column":40}},"38":{"start":{"line":60,"column":0},"end":{"line":62,"column":3}},"39":{"start":{"line":61,"column":2},"end":{"line":61,"column":51}},"40":{"start":{"line":64,"column":0},"end":{"line":64,"column":21}}},"fnMap":{"0":{"name":"(anonymous_0)","decl":{"start":{"line":32,"column":8},"end":{"line":32,"column":9}},"loc":{"start":{"line":32,"column":14},"end":{"line":32,"column":49}},"line":32},"1":{"name":"(anonymous_1)","decl":{"start":{"line":33,"column":9},"end":{"line":33,"column":10}},"loc":{"start":{"line":33,"column":16},"end":{"line":33,"column":32}},"line":33},"2":{"name":"(anonymous_2)","decl":{"start":{"line":42,"column":20},"end":{"line":42,"column":21}},"loc":{"start":{"line":42,"column":32},"end":{"line":48,"column":1}},"line":42},"3":{"name":"(anonymous_3)","decl":{"start":{"line":45,"column":26},"end":{"line":45,"column":27}},"loc":{"start":{"line":45,"column":32},"end":{"line":47,"column":3}},"line":45},"4":{"name":"(anonymous_4)","decl":{"start":{"line":50,"column":36},"end":{"line":50,"column":37}},"loc":{"start":{"line":50,"column":50},"end":{"line":58,"column":1}},"line":50},"5":{"name":"(anonymous_5)","decl":{"start":{"line":60,"column":20},"end":{"line":60,"column":21}},"loc":{"start":{"line":60,"column":26},"end":{"line":62,"column":1}},"line":60}},"branchMap":{"0":{"loc":{"start":{"line":23,"column":0},"end":{"line":26,"column":1}},"type":"if","locations":[{"start":{"line":23,"column":0},"end":{"line":26,"column":1}},{"start":{},"end":{}}],"line":23},"1":{"loc":{"start":{"line":40,"column":13},"end":{"line":40,"column":37}},"type":"binary-expr","locations":[{"start":{"line":40,"column":13},"end":{"line":40,"column":29}},{"start":{"line":40,"column":33},"end":{"line":40,"column":37}}],"line":40}},"s":{"0":1,"1":1,"2":1,"3":1,"4":1,"5":1,"6":1,"7":1,"8":1,"9":1,"10":1,"11":1,"12":1,"13":1,"14":1,"15":1,"16":1,"17":1,"18":0,"19":0,"20":1,"21":0,"22":1,"23":1,"24":1,"25":1,"26":1,"27":1,"28":1,"29":0,"30":0,"31":0,"32":1,"33":0,"34":0,"35":0,"36":0,"37":0,"38":1,"39":1,"40":1},"f":{"0":0,"1":1,"2":0,"3":0,"4":0,"5":1},"b":{"0":[0,1],"1":[1,0]},"_coverageSchema":"1a1c01bbd47fc00a2c39e90264f33305004495a9","hash":"3505ec141a0503672423eb081ff168d96ddb201e"}
,"/Users/juandcastillo/Documents/GitHub/Volunteer-App/backend/src/controllers/authController.js": {"path":"/Users/juandcastillo/Documents/GitHub/Volunteer-App/backend/src/controllers/authController.js","statementMap":{"0":{"start":{"line":1,"column":12},"end":{"line":3,"column":1}},"1":{"start":{"line":5,"column":14},"end":{"line":13,"column":1}},"2":{"start":{"line":6,"column":30},"end":{"line":6,"column":38}},"3":{"start":{"line":7,"column":15},"end":{"line":7,"column":85}},"4":{"start":{"line":7,"column":34},"end":{"line":7,"column":84}},"5":{"start":{"line":8,"column":2},"end":{"line":12,"column":3}},"6":{"start":{"line":9,"column":4},"end":{"line":9,"column":64}},"7":{"start":{"line":11,"column":4},"end":{"line":11,"column":61}},"8":{"start":{"line":15,"column":17},"end":{"line":27,"column":1}},"9":{"start":{"line":16,"column":117},"end":{"line":16,"column":125}},"10":{"start":{"line":18,"column":23},"end":{"line":18,"column":63}},"11":{"start":{"line":18,"column":42},"end":{"line":18,"column":62}},"12":{"start":{"line":19,"column":2},"end":{"line":21,"column":3}},"13":{"start":{"line":20,"column":4},"end":{"line":20,"column":69}},"14":{"start":{"line":23,"column":18},"end":{"line":23,"column":124}},"15":{"start":{"line":24,"column":2},"end":{"line":24,"column":22}},"16":{"start":{"line":26,"column":2},"end":{"line":26,"column":83}},"17":{"start":{"line":29,"column":19},"end":{"line":31,"column":1}},"18":{"start":{"line":30,"column":2},"end":{"line":30,"column":19}},"19":{"start":{"line":33,"column":0},"end":{"line":33,"column":56}}},"fnMap":{"0":{"name":"(anonymous_0)","decl":{"start":{"line":5,"column":14},"end":{"line":5,"column":15}},"loc":{"start":{"line":5,"column":28},"end":{"line":13,"column":1}},"line":5},"1":{"name":"(anonymous_1)","decl":{"start":{"line":7,"column":26},"end":{"line":7,"column":27}},"loc":{"start":{"line":7,"column":34},"end":{"line":7,"column":84}},"line":7},"2":{"name":"(anonymous_2)","decl":{"start":{"line":15,"column":17},"end":{"line":15,"column":18}},"loc":{"start":{"line":15,"column":31},"end":{"line":27,"column":1}},"line":15},"3":{"name":"(anonymous_3)","decl":{"start":{"line":18,"column":34},"end":{"line":18,"column":35}},"loc":{"start":{"line":18,"column":42},"end":{"line":18,"column":62}},"line":18},"4":{"name":"(anonymous_4)","decl":{"start":{"line":29,"column":19},"end":{"line":29,"column":20}},"loc":{"start":{"line":29,"column":33},"end":{"line":31,"column":1}},"line":29}},"branchMap":{"0":{"loc":{"start":{"line":7,"column":34},"end":{"line":7,"column":84}},"type":"binary-expr","locations":[{"start":{"line":7,"column":34},"end":{"line":7,"column":54}},{"start":{"line":7,"column":58},"end":{"line":7,"column":84}}],"line":7},"1":{"loc":{"start":{"line":8,"column":2},"end":{"line":12,"column":3}},"type":"if","locations":[{"start":{"line":8,"column":2},"end":{"line":12,"column":3}},{"start":{"line":10,"column":9},"end":{"line":12,"column":3}}],"line":8},"2":{"loc":{"start":{"line":19,"column":2},"end":{"line":21,"column":3}},"type":"if","locations":[{"start":{"line":19,"column":2},"end":{"line":21,"column":3}},{"start":{},"end":{}}],"line":19}},"s":{"0":2,"1":2,"2":3,"3":3,"4":3,"5":3,"6":1,"7":2,"8":2,"9":3,"10":3,"11":3,"12":3,"13":1,"14":2,"15":2,"16":2,"17":2,"18":6,"19":2},"f":{"0":3,"1":3,"2":3,"3":3,"4":6},"b":{"0":[3,3],"1":[1,2],"2":[1,2]},"_coverageSchema":"1a1c01bbd47fc00a2c39e90264f33305004495a9","hash":"da0d71d405050677bce15d20902e28c6808db8c6"}
,"/Users/juandcastillo/Documents/GitHub/Volunteer-App/backend/src/controllers/eventController.js": {"path":"/Users/juandcastillo/Documents/GitHub/Volunteer-App/backend/src/controllers/eventController.js","statementMap":{"0":{"start":{"line":1,"column":15},"end":{"line":29,"column":1}},"1":{"start":{"line":31,"column":21},"end":{"line":33,"column":1}},"2":{"start":{"line":32,"column":2},"end":{"line":32,"column":19}},"3":{"start":{"line":35,"column":21},"end":{"line":39,"column":1}},"4":{"start":{"line":36,"column":16},"end":{"line":36,"column":66}},"5":{"start":{"line":36,"column":33},"end":{"line":36,"column":65}},"6":{"start":{"line":37,"column":2},"end":{"line":37,"column":61}},"7":{"start":{"line":37,"column":14},"end":{"line":37,"column":61}},"8":{"start":{"line":38,"column":2},"end":{"line":38,"column":18}},"9":{"start":{"line":41,"column":20},"end":{"line":53,"column":1}},"10":{"start":{"line":42,"column":16},"end":{"line":50,"column":3}},"11":{"start":{"line":51,"column":2},"end":{"line":51,"column":21}},"12":{"start":{"line":52,"column":2},"end":{"line":52,"column":30}},"13":{"start":{"line":55,"column":20},"end":{"line":67,"column":1}},"14":{"start":{"line":56,"column":16},"end":{"line":56,"column":66}},"15":{"start":{"line":56,"column":33},"end":{"line":56,"column":65}},"16":{"start":{"line":57,"column":2},"end":{"line":57,"column":61}},"17":{"start":{"line":57,"column":14},"end":{"line":57,"column":61}},"18":{"start":{"line":59,"column":2},"end":{"line":59,"column":39}},"19":{"start":{"line":60,"column":2},"end":{"line":60,"column":53}},"20":{"start":{"line":61,"column":2},"end":{"line":61,"column":37}},"21":{"start":{"line":62,"column":2},"end":{"line":62,"column":49}},"22":{"start":{"line":63,"column":2},"end":{"line":63,"column":35}},"23":{"start":{"line":64,"column":2},"end":{"line":64,"column":39}},"24":{"start":{"line":66,"column":2},"end":{"line":66,"column":18}},"25":{"start":{"line":77,"column":20},"end":{"line":80,"column":1}},"26":{"start":{"line":78,"column":2},"end":{"line":78,"column":20}},"27":{"start":{"line":79,"column":2},"end":{"line":79,"column":28}},"28":{"start":{"line":82,"column":0},"end":{"line":89,"column":2}}},"fnMap":{"0":{"name":"(anonymous_0)","decl":{"start":{"line":31,"column":21},"end":{"line":31,"column":22}},"loc":{"start":{"line":31,"column":35},"end":{"line":33,"column":1}},"line":31},"1":{"name":"(anonymous_1)","decl":{"start":{"line":35,"column":21},"end":{"line":35,"column":22}},"loc":{"start":{"line":35,"column":35},"end":{"line":39,"column":1}},"line":35},"2":{"name":"(anonymous_2)","decl":{"start":{"line":36,"column":28},"end":{"line":36,"column":29}},"loc":{"start":{"line":36,"column":33},"end":{"line":36,"column":65}},"line":36},"3":{"name":"(anonymous_3)","decl":{"start":{"line":41,"column":20},"end":{"line":41,"column":21}},"loc":{"start":{"line":41,"column":34},"end":{"line":53,"column":1}},"line":41},"4":{"name":"(anonymous_4)","decl":{"start":{"line":55,"column":20},"end":{"line":55,"column":21}},"loc":{"start":{"line":55,"column":34},"end":{"line":67,"column":1}},"line":55},"5":{"name":"(anonymous_5)","decl":{"start":{"line":56,"column":28},"end":{"line":56,"column":29}},"loc":{"start":{"line":56,"column":33},"end":{"line":56,"column":65}},"line":56},"6":{"name":"(anonymous_6)","decl":{"start":{"line":77,"column":20},"end":{"line":77,"column":21}},"loc":{"start":{"line":77,"column":35},"end":{"line":80,"column":1}},"line":77}},"branchMap":{"0":{"loc":{"start":{"line":37,"column":2},"end":{"line":37,"column":61}},"type":"if","locations":[{"start":{"line":37,"column":2},"end":{"line":37,"column":61}},{"start":{},"end":{}}],"line":37},"1":{"loc":{"start":{"line":57,"column":2},"end":{"line":57,"column":61}},"type":"if","locations":[{"start":{"line":57,"column":2},"end":{"line":57,"column":61}},{"start":{},"end":{}}],"line":57}},"s":{"0":2,"1":2,"2":0,"3":2,"4":0,"5":0,"6":0,"7":0,"8":0,"9":2,"10":0,"11":0,"12":0,"13":2,"14":0,"15":0,"16":0,"17":0,"18":0,"19":0,"20":0,"21":0,"22":0,"23":0,"24":0,"25":2,"26":6,"27":6,"28":2},"f":{"0":0,"1":0,"2":0,"3":0,"4":0,"5":0,"6":6},"b":{"0":[0,0],"1":[0,0]},"_coverageSchema":"1a1c01bbd47fc00a2c39e90264f33305004495a9","hash":"49cfbd15031b99e881cdc20b0a71634067078e75"}
,"/Users/juandcastillo/Documents/GitHub/Volunteer-App/backend/src/controllers/notiController.js": {"path":"/Users/juandcastillo/Documents/GitHub/Volunteer-App/backend/src/controllers/notiController.js","statementMap":{"0":{"start":{"line":1,"column":20},"end":{"line":1,"column":22}},"1":{"start":{"line":3,"column":0},"end":{"line":8,"column":2}},"2":{"start":{"line":4,"column":35},"end":{"line":4,"column":43}},"3":{"start":{"line":5,"column":26},"end":{"line":5,"column":111}},"4":{"start":{"line":6,"column":2},"end":{"line":6,"column":38}},"5":{"start":{"line":7,"column":2},"end":{"line":7,"column":40}},"6":{"start":{"line":10,"column":0},"end":{"line":12,"column":2}},"7":{"start":{"line":11,"column":2},"end":{"line":11,"column":38}},"8":{"start":{"line":14,"column":0},"end":{"line":23,"column":2}},"9":{"start":{"line":15,"column":17},"end":{"line":15,"column":27}},"10":{"start":{"line":16,"column":28},"end":{"line":16,"column":90}},"11":{"start":{"line":16,"column":68},"end":{"line":16,"column":89}},"12":{"start":{"line":17,"column":2},"end":{"line":22,"column":3}},"13":{"start":{"line":18,"column":4},"end":{"line":18,"column":47}},"14":{"start":{"line":19,"column":4},"end":{"line":19,"column":75}},"15":{"start":{"line":21,"column":4},"end":{"line":21,"column":64}}},"fnMap":{"0":{"name":"(anonymous_0)","decl":{"start":{"line":3,"column":27},"end":{"line":3,"column":28}},"loc":{"start":{"line":3,"column":41},"end":{"line":8,"column":1}},"line":3},"1":{"name":"(anonymous_1)","decl":{"start":{"line":10,"column":27},"end":{"line":10,"column":28}},"loc":{"start":{"line":10,"column":41},"end":{"line":12,"column":1}},"line":10},"2":{"name":"(anonymous_2)","decl":{"start":{"line":14,"column":29},"end":{"line":14,"column":30}},"loc":{"start":{"line":14,"column":43},"end":{"line":23,"column":1}},"line":14},"3":{"name":"(anonymous_3)","decl":{"start":{"line":16,"column":52},"end":{"line":16,"column":53}},"loc":{"start":{"line":16,"column":68},"end":{"line":16,"column":89}},"line":16}},"branchMap":{"0":{"loc":{"start":{"line":17,"column":2},"end":{"line":22,"column":3}},"type":"if","locations":[{"start":{"line":17,"column":2},"end":{"line":22,"column":3}},{"start":{"line":20,"column":9},"end":{"line":22,"column":3}}],"line":17}},"s":{"0":2,"1":2,"2":3,"3":3,"4":3,"5":3,"6":2,"7":2,"8":2,"9":2,"10":2,"11":1,"12":2,"13":1,"14":1,"15":1},"f":{"0":3,"1":2,"2":2,"3":1},"b":{"0":[1,1]},"_coverageSchema":"1a1c01bbd47fc00a2c39e90264f33305004495a9","hash":"056fc2d20588295d37ef21a27fc0b55df002594a"}
,"/Users/juandcastillo/Documents/GitHub/Volunteer-App/backend/src/controllers/profileController.js": {"path":"/Users/juandcastillo/Documents/GitHub/Volunteer-App/backend/src/controllers/profileController.js","statementMap":{"0":{"start":{"line":1,"column":15},"end":{"line":38,"column":1}},"1":{"start":{"line":40,"column":23},"end":{"line":42,"column":1}},"2":{"start":{"line":41,"column":2},"end":{"line":41,"column":21}},"3":{"start":{"line":44,"column":23},"end":{"line":48,"column":1}},"4":{"start":{"line":45,"column":18},"end":{"line":45,"column":70}},"5":{"start":{"line":45,"column":37},"end":{"line":45,"column":69}},"6":{"start":{"line":46,"column":2},"end":{"line":46,"column":65}},"7":{"start":{"line":46,"column":16},"end":{"line":46,"column":65}},"8":{"start":{"line":47,"column":2},"end":{"line":47,"column":20}},"9":{"start":{"line":50,"column":22},"end":{"line":65,"column":1}},"10":{"start":{"line":51,"column":18},"end":{"line":62,"column":3}},"11":{"start":{"line":63,"column":2},"end":{"line":63,"column":25}},"12":{"start":{"line":64,"column":2},"end":{"line":64,"column":32}},"13":{"start":{"line":67,"column":22},"end":{"line":82,"column":1}},"14":{"start":{"line":68,"column":18},"end":{"line":68,"column":70}},"15":{"start":{"line":68,"column":37},"end":{"line":68,"column":69}},"16":{"start":{"line":69,"column":2},"end":{"line":69,"column":65}},"17":{"start":{"line":69,"column":16},"end":{"line":69,"column":65}},"18":{"start":{"line":71,"column":2},"end":{"line":71,"column":39}},"19":{"start":{"line":72,"column":2},"end":{"line":72,"column":39}},"20":{"start":{"line":73,"column":2},"end":{"line":73,"column":39}},"21":{"start":{"line":74,"column":2},"end":{"line":74,"column":31}},"22":{"start":{"line":75,"column":2},"end":{"line":75,"column":33}},"23":{"start":{"line":76,"column":2},"end":{"line":76,"column":37}},"24":{"start":{"line":77,"column":2},"end":{"line":77,"column":35}},"25":{"start":{"line":78,"column":2},"end":{"line":78,"column":45}},"26":{"start":{"line":79,"column":2},"end":{"line":79,"column":47}},"27":{"start":{"line":81,"column":2},"end":{"line":81,"column":20}},"28":{"start":{"line":92,"column":22},"end":{"line":95,"column":1}},"29":{"start":{"line":93,"column":2},"end":{"line":93,"column":22}},"30":{"start":{"line":94,"column":2},"end":{"line":94,"column":32}},"31":{"start":{"line":97,"column":0},"end":{"line":105,"column":2}}},"fnMap":{"0":{"name":"(anonymous_0)","decl":{"start":{"line":40,"column":23},"end":{"line":40,"column":24}},"loc":{"start":{"line":40,"column":37},"end":{"line":42,"column":1}},"line":40},"1":{"name":"(anonymous_1)","decl":{"start":{"line":44,"column":23},"end":{"line":44,"column":24}},"loc":{"start":{"line":44,"column":37},"end":{"line":48,"column":1}},"line":44},"2":{"name":"(anonymous_2)","decl":{"start":{"line":45,"column":32},"end":{"line":45,"column":33}},"loc":{"start":{"line":45,"column":37},"end":{"line":45,"column":69}},"line":45},"3":{"name":"(anonymous_3)","decl":{"start":{"line":50,"column":22},"end":{"line":50,"column":23}},"loc":{"start":{"line":50,"column":36},"end":{"line":65,"column":1}},"line":50},"4":{"name":"(anonymous_4)","decl":{"start":{"line":67,"column":22},"end":{"line":67,"column":23}},"loc":{"start":{"line":67,"column":36},"end":{"line":82,"column":1}},"line":67},"5":{"name":"(anonymous_5)","decl":{"start":{"line":68,"column":32},"end":{"line":68,"column":33}},"loc":{"start":{"line":68,"column":37},"end":{"line":68,"column":69}},"line":68},"6":{"name":"(anonymous_6)","decl":{"start":{"line":92,"column":22},"end":{"line":92,"column":23}},"loc":{"start":{"line":92,"column":39},"end":{"line":95,"column":1}},"line":92}},"branchMap":{"0":{"loc":{"start":{"line":46,"column":2},"end":{"line":46,"column":65}},"type":"if","locations":[{"start":{"line":46,"column":2},"end":{"line":46,"column":65}},{"start":{},"end":{}}],"line":46},"1":{"loc":{"start":{"line":69,"column":2},"end":{"line":69,"column":65}},"type":"if","locations":[{"start":{"line":69,"column":2},"end":{"line":69,"column":65}},{"start":{},"end":{}}],"line":69}},"s":{"0":2,"1":2,"2":0,"3":2,"4":0,"5":0,"6":0,"7":0,"8":0,"9":2,"10":0,"11":0,"12":0,"13":2,"14":0,"15":0,"16":0,"17":0,"18":0,"19":0,"20":0,"21":0,"22":0,"23":0,"24":0,"25":0,"26":0,"27":0,"28":2,"29":6,"30":6,"31":2},"f":{"0":0,"1":0,"2":0,"3":0,"4":0,"5":0,"6":6},"b":{"0":[0,0],"1":[0,0]},"_coverageSchema":"1a1c01bbd47fc00a2c39e90264f33305004495a9","hash":"948da0b3eb1d4565f9ffa4a30806aa3b2a5e6e09"}
,"/Users/juandcastillo/Documents/GitHub/Volunteer-App/backend/src/controllers/volunteerhistoryController.js": {"path":"/Users/juandcastillo/Documents/GitHub/Volunteer-App/backend/src/controllers/volunteerhistoryController.js","statementMap":{"0":{"start":{"line":2,"column":29},"end":{"line":51,"column":5}},"1":{"start":{"line":52,"column":19},"end":{"line":80,"column":5}},"2":{"start":{"line":83,"column":25},"end":{"line":132,"column":5}},"3":{"start":{"line":85,"column":30},"end":{"line":85,"column":32}},"4":{"start":{"line":88,"column":40},"end":{"line":88,"column":42}},"5":{"start":{"line":91,"column":6},"end":{"line":111,"column":9}},"6":{"start":{"line":93,"column":8},"end":{"line":104,"column":9}},"7":{"start":{"line":95,"column":10},"end":{"line":103,"column":12}},"8":{"start":{"line":107,"column":8},"end":{"line":110,"column":11}},"9":{"start":{"line":114,"column":6},"end":{"line":127,"column":9}},"10":{"start":{"line":115,"column":8},"end":{"line":126,"column":11}},"11":{"start":{"line":122,"column":63},"end":{"line":125,"column":11}},"12":{"start":{"line":130,"column":6},"end":{"line":130,"column":56}},"13":{"start":{"line":131,"column":6},"end":{"line":131,"column":57}},"14":{"start":{"line":135,"column":25},"end":{"line":139,"column":5}},"15":{"start":{"line":136,"column":20},"end":{"line":136,"column":70}},"16":{"start":{"line":136,"column":37},"end":{"line":136,"column":69}},"17":{"start":{"line":137,"column":6},"end":{"line":137,"column":65}},"18":{"start":{"line":137,"column":18},"end":{"line":137,"column":65}},"19":{"start":{"line":138,"column":6},"end":{"line":138,"column":22}},"20":{"start":{"line":141,"column":24},"end":{"line":153,"column":5}},"21":{"start":{"line":142,"column":20},"end":{"line":150,"column":7}},"22":{"start":{"line":151,"column":6},"end":{"line":151,"column":25}},"23":{"start":{"line":152,"column":6},"end":{"line":152,"column":34}},"24":{"start":{"line":155,"column":24},"end":{"line":167,"column":5}},"25":{"start":{"line":156,"column":20},"end":{"line":156,"column":70}},"26":{"start":{"line":156,"column":37},"end":{"line":156,"column":69}},"27":{"start":{"line":157,"column":6},"end":{"line":157,"column":65}},"28":{"start":{"line":157,"column":18},"end":{"line":157,"column":65}},"29":{"start":{"line":159,"column":6},"end":{"line":159,"column":43}},"30":{"start":{"line":160,"column":6},"end":{"line":160,"column":57}},"31":{"start":{"line":161,"column":6},"end":{"line":161,"column":41}},"32":{"start":{"line":162,"column":6},"end":{"line":162,"column":53}},"33":{"start":{"line":163,"column":6},"end":{"line":163,"column":39}},"34":{"start":{"line":164,"column":6},"end":{"line":164,"column":43}},"35":{"start":{"line":166,"column":6},"end":{"line":166,"column":22}},"36":{"start":{"line":169,"column":24},"end":{"line":175,"column":5}},"37":{"start":{"line":170,"column":25},"end":{"line":170,"column":80}},"38":{"start":{"line":170,"column":47},"end":{"line":170,"column":79}},"39":{"start":{"line":171,"column":6},"end":{"line":171,"column":76}},"40":{"start":{"line":171,"column":29},"end":{"line":171,"column":76}},"41":{"start":{"line":173,"column":27},"end":{"line":173,"column":55}},"42":{"start":{"line":174,"column":6},"end":{"line":174,"column":29}},"43":{"start":{"line":177,"column":4},"end":{"line":183,"column":6}}},"fnMap":{"0":{"name":"(anonymous_0)","decl":{"start":{"line":83,"column":25},"end":{"line":83,"column":26}},"loc":{"start":{"line":83,"column":39},"end":{"line":132,"column":5}},"line":83},"1":{"name":"(anonymous_1)","decl":{"start":{"line":91,"column":31},"end":{"line":91,"column":32}},"loc":{"start":{"line":91,"column":40},"end":{"line":111,"column":7}},"line":91},"2":{"name":"(anonymous_2)","decl":{"start":{"line":114,"column":55},"end":{"line":114,"column":56}},"loc":{"start":{"line":114,"column":64},"end":{"line":127,"column":7}},"line":114},"3":{"name":"(anonymous_3)","decl":{"start":{"line":122,"column":47},"end":{"line":122,"column":48}},"loc":{"start":{"line":122,"column":63},"end":{"line":125,"column":11}},"line":122},"4":{"name":"(anonymous_4)","decl":{"start":{"line":135,"column":25},"end":{"line":135,"column":26}},"loc":{"start":{"line":135,"column":39},"end":{"line":139,"column":5}},"line":135},"5":{"name":"(anonymous_5)","decl":{"start":{"line":136,"column":32},"end":{"line":136,"column":33}},"loc":{"start":{"line":136,"column":37},"end":{"line":136,"column":69}},"line":136},"6":{"name":"(anonymous_6)","decl":{"start":{"line":141,"column":24},"end":{"line":141,"column":25}},"loc":{"start":{"line":141,"column":38},"end":{"line":153,"column":5}},"line":141},"7":{"name":"(anonymous_7)","decl":{"start":{"line":155,"column":24},"end":{"line":155,"column":25}},"loc":{"start":{"line":155,"column":38},"end":{"line":167,"column":5}},"line":155},"8":{"name":"(anonymous_8)","decl":{"start":{"line":156,"column":32},"end":{"line":156,"column":33}},"loc":{"start":{"line":156,"column":37},"end":{"line":156,"column":69}},"line":156},"9":{"name":"(anonymous_9)","decl":{"start":{"line":169,"column":24},"end":{"line":169,"column":25}},"loc":{"start":{"line":169,"column":38},"end":{"line":175,"column":5}},"line":169},"10":{"name":"(anonymous_10)","decl":{"start":{"line":170,"column":42},"end":{"line":170,"column":43}},"loc":{"start":{"line":170,"column":47},"end":{"line":170,"column":79}},"line":170}},"branchMap":{"0":{"loc":{"start":{"line":93,"column":8},"end":{"line":104,"column":9}},"type":"if","locations":[{"start":{"line":93,"column":8},"end":{"line":104,"column":9}},{"start":{},"end":{}}],"line":93},"1":{"loc":{"start":{"line":137,"column":6},"end":{"line":137,"column":65}},"type":"if","locations":[{"start":{"line":137,"column":6},"end":{"line":137,"column":65}},{"start":{},"end":{}}],"line":137},"2":{"loc":{"start":{"line":157,"column":6},"end":{"line":157,"column":65}},"type":"if","locations":[{"start":{"line":157,"column":6},"end":{"line":157,"column":65}},{"start":{},"end":{}}],"line":157},"3":{"loc":{"start":{"line":171,"column":6},"end":{"line":171,"column":76}},"type":"if","locations":[{"start":{"line":171,"column":6},"end":{"line":171,"column":76}},{"start":{},"end":{}}],"line":171}},"s":{"0":1,"1":1,"2":1,"3":0,"4":0,"5":0,"6":0,"7":0,"8":0,"9":0,"10":0,"11":0,"12":0,"13":0,"14":1,"15":0,"16":0,"17":0,"18":0,"19":0,"20":1,"21":0,"22":0,"23":0,"24":1,"25":0,"26":0,"27":0,"28":0,"29":0,"30":0,"31":0,"32":0,"33":0,"34":0,"35":0,"36":1,"37":0,"38":0,"39":0,"40":0,"41":0,"42":0,"43":1},"f":{"0":0,"1":0,"2":0,"3":0,"4":0,"5":0,"6":0,"7":0,"8":0,"9":0,"10":0},"b":{"0":[0,0],"1":[0,0],"2":[0,0],"3":[0,0]},"_coverageSchema":"1a1c01bbd47fc00a2c39e90264f33305004495a9","hash":"9496ec993fcf5e199522aa59456b62ca7118d42a"}
,"/Users/juandcastillo/Documents/GitHub/Volunteer-App/backend/src/controllers/volunteermatchController.js": {"path":"/Users/juandcastillo/Documents/GitHub/Volunteer-App/backend/src/controllers/volunteermatchController.js","statementMap":{"0":{"start":{"line":3,"column":17},"end":{"line":40,"column":1}},"1":{"start":{"line":42,"column":15},"end":{"line":70,"column":1}},"2":{"start":{"line":72,"column":30},"end":{"line":110,"column":1}},"3":{"start":{"line":73,"column":18},"end":{"line":73,"column":20}},"4":{"start":{"line":75,"column":2},"end":{"line":101,"column":5}},"5":{"start":{"line":76,"column":4},"end":{"line":100,"column":7}},"6":{"start":{"line":77,"column":31},"end":{"line":77,"column":97}},"7":{"start":{"line":77,"column":66},"end":{"line":77,"column":96}},"8":{"start":{"line":78,"column":30},"end":{"line":78,"column":76}},"9":{"start":{"line":80,"column":6},"end":{"line":99,"column":7}},"10":{"start":{"line":82,"column":8},"end":{"line":88,"column":9}},"11":{"start":{"line":83,"column":10},"end":{"line":87,"column":12}},"12":{"start":{"line":90,"column":8},"end":{"line":98,"column":11}},"13":{"start":{"line":96,"column":57},"end":{"line":96,"column":93}},"14":{"start":{"line":104,"column":2},"end":{"line":109,"column":6}},"15":{"start":{"line":104,"column":48},"end":{"line":109,"column":3}},"16":{"start":{"line":112,"column":21},"end":{"line":114,"column":1}},"17":{"start":{"line":113,"column":2},"end":{"line":113,"column":19}},"18":{"start":{"line":116,"column":27},"end":{"line":122,"column":1}},"19":{"start":{"line":117,"column":26},"end":{"line":117,"column":49}},"20":{"start":{"line":119,"column":24},"end":{"line":119,"column":64}},"21":{"start":{"line":120,"column":2},"end":{"line":120,"column":52}},"22":{"start":{"line":121,"column":2},"end":{"line":121,"column":26}},"23":{"start":{"line":126,"column":21},"end":{"line":130,"column":1}},"24":{"start":{"line":127,"column":16},"end":{"line":127,"column":66}},"25":{"start":{"line":127,"column":33},"end":{"line":127,"column":65}},"26":{"start":{"line":128,"column":2},"end":{"line":128,"column":61}},"27":{"start":{"line":128,"column":14},"end":{"line":128,"column":61}},"28":{"start":{"line":129,"column":2},"end":{"line":129,"column":18}},"29":{"start":{"line":132,"column":20},"end":{"line":144,"column":1}},"30":{"start":{"line":133,"column":16},"end":{"line":141,"column":3}},"31":{"start":{"line":142,"column":2},"end":{"line":142,"column":21}},"32":{"start":{"line":143,"column":2},"end":{"line":143,"column":30}},"33":{"start":{"line":146,"column":20},"end":{"line":158,"column":1}},"34":{"start":{"line":147,"column":16},"end":{"line":147,"column":66}},"35":{"start":{"line":147,"column":33},"end":{"line":147,"column":65}},"36":{"start":{"line":148,"column":2},"end":{"line":148,"column":61}},"37":{"start":{"line":148,"column":14},"end":{"line":148,"column":61}},"38":{"start":{"line":150,"column":2},"end":{"line":150,"column":39}},"39":{"start":{"line":151,"column":2},"end":{"line":151,"column":53}},"40":{"start":{"line":152,"column":2},"end":{"line":152,"column":37}},"41":{"start":{"line":153,"column":2},"end":{"line":153,"column":49}},"42":{"start":{"line":154,"column":2},"end":{"line":154,"column":35}},"43":{"start":{"line":155,"column":2},"end":{"line":155,"column":39}},"44":{"start":{"line":157,"column":2},"end":{"line":157,"column":18}},"45":{"start":{"line":160,"column":20},"end":{"line":166,"column":1}},"46":{"start":{"line":161,"column":21},"end":{"line":161,"column":76}},"47":{"start":{"line":161,"column":43},"end":{"line":161,"column":75}},"48":{"start":{"line":162,"column":2},"end":{"line":162,"column":72}},"49":{"start":{"line":162,"column":25},"end":{"line":162,"column":72}},"50":{"start":{"line":164,"column":23},"end":{"line":164,"column":51}},"51":{"start":{"line":165,"column":2},"end":{"line":165,"column":25}},"52":{"start":{"line":168,"column":0},"end":{"line":175,"column":2}}},"fnMap":{"0":{"name":"(anonymous_0)","decl":{"start":{"line":72,"column":30},"end":{"line":72,"column":31}},"loc":{"start":{"line":72,"column":36},"end":{"line":110,"column":1}},"line":72},"1":{"name":"(anonymous_1)","decl":{"start":{"line":75,"column":19},"end":{"line":75,"column":20}},"loc":{"start":{"line":75,"column":30},"end":{"line":101,"column":3}},"line":75},"2":{"name":"(anonymous_2)","decl":{"start":{"line":76,"column":19},"end":{"line":76,"column":20}},"loc":{"start":{"line":76,"column":28},"end":{"line":100,"column":5}},"line":76},"3":{"name":"(anonymous_3)","decl":{"start":{"line":77,"column":57},"end":{"line":77,"column":58}},"loc":{"start":{"line":77,"column":66},"end":{"line":77,"column":96}},"line":77},"4":{"name":"(anonymous_4)","decl":{"start":{"line":96,"column":48},"end":{"line":96,"column":49}},"loc":{"start":{"line":96,"column":57},"end":{"line":96,"column":93}},"line":96},"5":{"name":"(anonymous_5)","decl":{"start":{"line":104,"column":34},"end":{"line":104,"column":35}},"loc":{"start":{"line":104,"column":48},"end":{"line":109,"column":3}},"line":104},"6":{"name":"(anonymous_6)","decl":{"start":{"line":112,"column":21},"end":{"line":112,"column":22}},"loc":{"start":{"line":112,"column":35},"end":{"line":114,"column":1}},"line":112},"7":{"name":"(anonymous_7)","decl":{"start":{"line":116,"column":27},"end":{"line":116,"column":28}},"loc":{"start":{"line":116,"column":41},"end":{"line":122,"column":1}},"line":116},"8":{"name":"(anonymous_8)","decl":{"start":{"line":126,"column":21},"end":{"line":126,"column":22}},"loc":{"start":{"line":126,"column":35},"end":{"line":130,"column":1}},"line":126},"9":{"name":"(anonymous_9)","decl":{"start":{"line":127,"column":28},"end":{"line":127,"column":29}},"loc":{"start":{"line":127,"column":33},"end":{"line":127,"column":65}},"line":127},"10":{"name":"(anonymous_10)","decl":{"start":{"line":132,"column":20},"end":{"line":132,"column":21}},"loc":{"start":{"line":132,"column":34},"end":{"line":144,"column":1}},"line":132},"11":{"name":"(anonymous_11)","decl":{"start":{"line":146,"column":20},"end":{"line":146,"column":21}},"loc":{"start":{"line":146,"column":34},"end":{"line":158,"column":1}},"line":146},"12":{"name":"(anonymous_12)","decl":{"start":{"line":147,"column":28},"end":{"line":147,"column":29}},"loc":{"start":{"line":147,"column":33},"end":{"line":147,"column":65}},"line":147},"13":{"name":"(anonymous_13)","decl":{"start":{"line":160,"column":20},"end":{"line":160,"column":21}},"loc":{"start":{"line":160,"column":34},"end":{"line":166,"column":1}},"line":160},"14":{"name":"(anonymous_14)","decl":{"start":{"line":161,"column":38},"end":{"line":161,"column":39}},"loc":{"start":{"line":161,"column":43},"end":{"line":161,"column":75}},"line":161}},"branchMap":{"0":{"loc":{"start":{"line":80,"column":6},"end":{"line":99,"column":7}},"type":"if","locations":[{"start":{"line":80,"column":6},"end":{"line":99,"column":7}},{"start":{},"end":{}}],"line":80},"1":{"loc":{"start":{"line":80,"column":10},"end":{"line":80,"column":45}},"type":"binary-expr","locations":[{"start":{"line":80,"column":10},"end":{"line":80,"column":26}},{"start":{"line":80,"column":30},"end":{"line":80,"column":45}}],"line":80},"2":{"loc":{"start":{"line":82,"column":8},"end":{"line":88,"column":9}},"type":"if","locations":[{"start":{"line":82,"column":8},"end":{"line":88,"column":9}},{"start":{},"end":{}}],"line":82},"3":{"loc":{"start":{"line":93,"column":44},"end":{"line":93,"column":91}},"type":"cond-expr","locations":[{"start":{"line":93,"column":63},"end":{"line":93,"column":86}},{"start":{"line":93,"column":89},"end":{"line":93,"column":91}}],"line":93},"4":{"loc":{"start":{"line":128,"column":2},"end":{"line":128,"column":61}},"type":"if","locations":[{"start":{"line":128,"column":2},"end":{"line":128,"column":61}},{"start":{},"end":{}}],"line":128},"5":{"loc":{"start":{"line":148,"column":2},"end":{"line":148,"column":61}},"type":"if","locations":[{"start":{"line":148,"column":2},"end":{"line":148,"column":61}},{"start":{},"end":{}}],"line":148},"6":{"loc":{"start":{"line":162,"column":2},"end":{"line":162,"column":72}},"type":"if","locations":[{"start":{"line":162,"column":2},"end":{"line":162,"column":72}},{"start":{},"end":{}}],"line":162}},"s":{"0":1,"1":1,"2":1,"3":1,"4":1,"5":3,"6":9,"7":18,"8":9,"9":9,"10":3,"11":3,"12":3,"13":6,"14":1,"15":3,"16":1,"17":0,"18":1,"19":1,"20":1,"21":1,"22":1,"23":1,"24":0,"25":0,"26":0,"27":0,"28":0,"29":1,"30":0,"31":0,"32":0,"33":1,"34":0,"35":0,"36":0,"37":0,"38":0,"39":0,"40":0,"41":0,"42":0,"43":0,"44":0,"45":1,"46":0,"47":0,"48":0,"49":0,"50":0,"51":0,"52":1},"f":{"0":1,"1":3,"2":9,"3":18,"4":6,"5":3,"6":0,"7":1,"8":0,"9":0,"10":0,"11":0,"12":0,"13":0,"14":0},"b":{"0":[3,6],"1":[9,6],"2":[3,0],"3":[2,1],"4":[0,0],"5":[0,0],"6":[0,0]},"_coverageSchema":"1a1c01bbd47fc00a2c39e90264f33305004495a9","hash":"3f47911ca061a3b59a636b6f2f5f545b92538698"}
,"/Users/juandcastillo/Documents/GitHub/Volunteer-App/backend/src/models/EventDetails.js": {"path":"/Users/juandcastillo/Documents/GitHub/Volunteer-App/backend/src/models/EventDetails.js","statementMap":{"0":{"start":{"line":1,"column":17},"end":{"line":1,"column":36}},"1":{"start":{"line":4,"column":27},"end":{"line":11,"column":2}},"2":{"start":{"line":14,"column":0},"end":{"line":14,"column":68}}},"fnMap":{},"branchMap":{},"s":{"0":2,"1":2,"2":2},"f":{},"b":{},"_coverageSchema":"1a1c01bbd47fc00a2c39e90264f33305004495a9","hash":"6623df59239cc1534b1c07c3ffffe32611effaef"}
,"/Users/juandcastillo/Documents/GitHub/Volunteer-App/backend/src/models/UserCredentials.js": {"path":"/Users/juandcastillo/Documents/GitHub/Volunteer-App/backend/src/models/UserCredentials.js","statementMap":{"0":{"start":{"line":1,"column":17},"end":{"line":1,"column":36}},"1":{"start":{"line":2,"column":15},"end":{"line":2,"column":32}},"2":{"start":{"line":5,"column":30},"end":{"line":8,"column":2}},"3":{"start":{"line":11,"column":0},"end":{"line":20,"column":3}},"4":{"start":{"line":12,"column":2},"end":{"line":12,"column":50}},"5":{"start":{"line":12,"column":36},"end":{"line":12,"column":50}},"6":{"start":{"line":13,"column":2},"end":{"line":19,"column":3}},"7":{"start":{"line":14,"column":17},"end":{"line":14,"column":41}},"8":{"start":{"line":15,"column":4},"end":{"line":15,"column":59}},"9":{"start":{"line":16,"column":4},"end":{"line":16,"column":11}},"10":{"start":{"line":18,"column":4},"end":{"line":18,"column":16}},"11":{"start":{"line":23,"column":0},"end":{"line":25,"column":2}},"12":{"start":{"line":24,"column":2},"end":{"line":24,"column":58}},"13":{"start":{"line":27,"column":0},"end":{"line":27,"column":74}}},"fnMap":{"0":{"name":"(anonymous_0)","decl":{"start":{"line":11,"column":34},"end":{"line":11,"column":35}},"loc":{"start":{"line":11,"column":55},"end":{"line":20,"column":1}},"line":11},"1":{"name":"(anonymous_1)","decl":{"start":{"line":23,"column":48},"end":{"line":23,"column":49}},"loc":{"start":{"line":23,"column":76},"end":{"line":25,"column":1}},"line":23}},"branchMap":{"0":{"loc":{"start":{"line":12,"column":2},"end":{"line":12,"column":50}},"type":"if","locations":[{"start":{"line":12,"column":2},"end":{"line":12,"column":50}},{"start":{},"end":{}}],"line":12}},"s":{"0":1,"1":1,"2":1,"3":1,"4":0,"5":0,"6":0,"7":0,"8":0,"9":0,"10":0,"11":1,"12":0,"13":1},"f":{"0":0,"1":0},"b":{"0":[0,0]},"_coverageSchema":"1a1c01bbd47fc00a2c39e90264f33305004495a9","hash":"a5f2fffded5f64d0da1d48730e5867af1f1c34fb"}
,"/Users/juandcastillo/Documents/GitHub/Volunteer-App/backend/src/models/UserProfile.js": {"path":"/Users/juandcastillo/Documents/GitHub/Volunteer-App/backend/src/models/UserProfile.js","statementMap":{"0":{"start":{"line":2,"column":17},"end":{"line":2,"column":36}},"1":{"start":{"line":4,"column":26},"end":{"line":15,"column":2}},"2":{"start":{"line":17,"column":0},"end":{"line":17,"column":66}}},"fnMap":{},"branchMap":{},"s":{"0":2,"1":2,"2":2},"f":{},"b":{},"_coverageSchema":"1a1c01bbd47fc00a2c39e90264f33305004495a9","hash":"08200050757da7b39886de670232f12ce1a174bf"}
,"/Users/juandcastillo/Documents/GitHub/Volunteer-App/backend/src/models/VolunteerHistory.js": {"path":"/Users/juandcastillo/Documents/GitHub/Volunteer-App/backend/src/models/VolunteerHistory.js","statementMap":{"0":{"start":{"line":1,"column":17},"end":{"line":1,"column":36}},"1":{"start":{"line":4,"column":31},"end":{"line":9,"column":2}},"2":{"start":{"line":12,"column":0},"end":{"line":12,"column":76}}},"fnMap":{},"branchMap":{},"s":{"0":1,"1":1,"2":1},"f":{},"b":{},"_coverageSchema":"1a1c01bbd47fc00a2c39e90264f33305004495a9","hash":"778369a2283aeb779127f7d0b3cb072725060e1d"}
,"/Users/juandcastillo/Documents/GitHub/Volunteer-App/backend/src/routes/auth.js": {"path":"/Users/juandcastillo/Documents/GitHub/Volunteer-App/backend/src/routes/auth.js","statementMap":{"0":{"start":{"line":1,"column":16},"end":{"line":1,"column":34}},"1":{"start":{"line":2,"column":28},"end":{"line":2,"column":68}},"2":{"start":{"line":3,"column":24},"end":{"line":3,"column":60}},"3":{"start":{"line":4,"column":12},"end":{"line":4,"column":35}},"4":{"start":{"line":5,"column":15},"end":{"line":5,"column":31}},"5":{"start":{"line":8,"column":0},"end":{"line":25,"column":3}},"6":{"start":{"line":9,"column":2},"end":{"line":24,"column":3}},"7":{"start":{"line":10,"column":32},"end":{"line":10,"column":40}},"8":{"start":{"line":13,"column":25},"end":{"line":13,"column":65}},"9":{"start":{"line":14,"column":4},"end":{"line":16,"column":5}},"10":{"start":{"line":15,"column":6},"end":{"line":15,"column":70}},"11":{"start":{"line":19,"column":20},"end":{"line":19,"column":60}},"12":{"start":{"line":20,"column":4},"end":{"line":20,"column":25}},"13":{"start":{"line":21,"column":4},"end":{"line":21,"column":70}},"14":{"start":{"line":23,"column":4},"end":{"line":23,"column":53}},"15":{"start":{"line":28,"column":0},"end":{"line":53,"column":3}},"16":{"start":{"line":29,"column":2},"end":{"line":52,"column":3}},"17":{"start":{"line":30,"column":32},"end":{"line":30,"column":40}},"18":{"start":{"line":33,"column":17},"end":{"line":33,"column":57}},"19":{"start":{"line":34,"column":4},"end":{"line":36,"column":5}},"20":{"start":{"line":35,"column":6},"end":{"line":35,"column":76}},"21":{"start":{"line":39,"column":20},"end":{"line":39,"column":56}},"22":{"start":{"line":40,"column":4},"end":{"line":42,"column":5}},"23":{"start":{"line":41,"column":6},"end":{"line":41,"column":76}},"24":{"start":{"line":45,"column":18},"end":{"line":47,"column":6}},"25":{"start":{"line":49,"column":4},"end":{"line":49,"column":53}},"26":{"start":{"line":51,"column":4},"end":{"line":51,"column":53}},"27":{"start":{"line":55,"column":0},"end":{"line":55,"column":24}}},"fnMap":{"0":{"name":"(anonymous_0)","decl":{"start":{"line":8,"column":25},"end":{"line":8,"column":26}},"loc":{"start":{"line":8,"column":45},"end":{"line":25,"column":1}},"line":8},"1":{"name":"(anonymous_1)","decl":{"start":{"line":28,"column":22},"end":{"line":28,"column":23}},"loc":{"start":{"line":28,"column":42},"end":{"line":53,"column":1}},"line":28}},"branchMap":{"0":{"loc":{"start":{"line":14,"column":4},"end":{"line":16,"column":5}},"type":"if","locations":[{"start":{"line":14,"column":4},"end":{"line":16,"column":5}},{"start":{},"end":{}}],"line":14},"1":{"loc":{"start":{"line":34,"column":4},"end":{"line":36,"column":5}},"type":"if","locations":[{"start":{"line":34,"column":4},"end":{"line":36,"column":5}},{"start":{},"end":{}}],"line":34},"2":{"loc":{"start":{"line":40,"column":4},"end":{"line":42,"column":5}},"type":"if","locations":[{"start":{"line":40,"column":4},"end":{"line":42,"column":5}},{"start":{},"end":{}}],"line":40}},"s":{"0":1,"1":1,"2":1,"3":1,"4":1,"5":1,"6":0,"7":0,"8":0,"9":0,"10":0,"11":0,"12":0,"13":0,"14":0,"15":1,"16":0,"17":0,"18":0,"19":0,"20":0,"21":0,"22":0,"23":0,"24":0,"25":0,"26":0,"27":1},"f":{"0":0,"1":0},"b":{"0":[0,0],"1":[0,0],"2":[0,0]},"_coverageSchema":"1a1c01bbd47fc00a2c39e90264f33305004495a9","hash":"15895d205ada89fdb0cf518f9aa53656cb678f09"}
,"/Users/juandcastillo/Documents/GitHub/Volunteer-App/backend/src/routes/event.js": {"path":"/Users/juandcastillo/Documents/GitHub/Volunteer-App/backend/src/routes/event.js","statementMap":{"0":{"start":{"line":1,"column":16},"end":{"line":1,"column":34}},"1":{"start":{"line":2,"column":15},"end":{"line":2,"column":31}},"2":{"start":{"line":3,"column":24},"end":{"line":3,"column":65}},"3":{"start":{"line":4,"column":21},"end":{"line":4,"column":54}},"4":{"start":{"line":6,"column":0},"end":{"line":14,"column":3}},"5":{"start":{"line":7,"column":2},"end":{"line":13,"column":3}},"6":{"start":{"line":8,"column":18},"end":{"line":8,"column":44}},"7":{"start":{"line":9,"column":4},"end":{"line":9,"column":23}},"8":{"start":{"line":10,"column":4},"end":{"line":10,"column":32}},"9":{"start":{"line":12,"column":4},"end":{"line":12,"column":53}},"10":{"start":{"line":17,"column":0},"end":{"line":24,"column":3}},"11":{"start":{"line":18,"column":2},"end":{"line":23,"column":3}},"12":{"start":{"line":19,"column":19},"end":{"line":19,"column":44}},"13":{"start":{"line":20,"column":4},"end":{"line":20,"column":21}},"14":{"start":{"line":22,"column":4},"end":{"line":22,"column":53}},"15":{"start":{"line":27,"column":0},"end":{"line":37,"column":3}},"16":{"start":{"line":28,"column":2},"end":{"line":36,"column":3}},"17":{"start":{"line":29,"column":18},"end":{"line":29,"column":60}},"18":{"start":{"line":30,"column":4},"end":{"line":32,"column":5}},"19":{"start":{"line":31,"column":6},"end":{"line":31,"column":66}},"20":{"start":{"line":33,"column":4},"end":{"line":33,"column":20}},"21":{"start":{"line":35,"column":4},"end":{"line":35,"column":53}},"22":{"start":{"line":40,"column":0},"end":{"line":50,"column":3}},"23":{"start":{"line":41,"column":2},"end":{"line":49,"column":3}},"24":{"start":{"line":42,"column":25},"end":{"line":42,"column":101}},"25":{"start":{"line":43,"column":4},"end":{"line":45,"column":5}},"26":{"start":{"line":44,"column":6},"end":{"line":44,"column":66}},"27":{"start":{"line":46,"column":4},"end":{"line":46,"column":27}},"28":{"start":{"line":48,"column":4},"end":{"line":48,"column":53}},"29":{"start":{"line":53,"column":0},"end":{"line":63,"column":3}},"30":{"start":{"line":54,"column":2},"end":{"line":62,"column":3}},"31":{"start":{"line":55,"column":25},"end":{"line":55,"column":76}},"32":{"start":{"line":56,"column":4},"end":{"line":58,"column":5}},"33":{"start":{"line":57,"column":6},"end":{"line":57,"column":66}},"34":{"start":{"line":59,"column":4},"end":{"line":59,"column":43}},"35":{"start":{"line":61,"column":4},"end":{"line":61,"column":53}},"36":{"start":{"line":65,"column":0},"end":{"line":65,"column":24}}},"fnMap":{"0":{"name":"(anonymous_0)","decl":{"start":{"line":6,"column":23},"end":{"line":6,"column":24}},"loc":{"start":{"line":6,"column":43},"end":{"line":14,"column":1}},"line":6},"1":{"name":"(anonymous_1)","decl":{"start":{"line":17,"column":16},"end":{"line":17,"column":17}},"loc":{"start":{"line":17,"column":36},"end":{"line":24,"column":1}},"line":17},"2":{"name":"(anonymous_2)","decl":{"start":{"line":27,"column":19},"end":{"line":27,"column":20}},"loc":{"start":{"line":27,"column":39},"end":{"line":37,"column":1}},"line":27},"3":{"name":"(anonymous_3)","decl":{"start":{"line":40,"column":19},"end":{"line":40,"column":20}},"loc":{"start":{"line":40,"column":39},"end":{"line":50,"column":1}},"line":40},"4":{"name":"(anonymous_4)","decl":{"start":{"line":53,"column":22},"end":{"line":53,"column":23}},"loc":{"start":{"line":53,"column":42},"end":{"line":63,"column":1}},"line":53}},"branchMap":{"0":{"loc":{"start":{"line":30,"column":4},"end":{"line":32,"column":5}},"type":"if","locations":[{"start":{"line":30,"column":4},"end":{"line":32,"column":5}},{"start":{},"end":{}}],"line":30},"1":{"loc":{"start":{"line":43,"column":4},"end":{"line":45,"column":5}},"type":"if","locations":[{"start":{"line":43,"column":4},"end":{"line":45,"column":5}},{"start":{},"end":{}}],"line":43},"2":{"loc":{"start":{"line":56,"column":4},"end":{"line":58,"column":5}},"type":"if","locations":[{"start":{"line":56,"column":4},"end":{"line":58,"column":5}},{"start":{},"end":{}}],"line":56}},"s":{"0":2,"1":2,"2":2,"3":2,"4":2,"5":0,"6":0,"7":0,"8":0,"9":0,"10":2,"11":1,"12":1,"13":0,"14":0,"15":2,"16":2,"17":2,"18":0,"19":0,"20":0,"21":2,"22":2,"23":2,"24":2,"25":0,"26":0,"27":0,"28":2,"29":2,"30":0,"31":0,"32":0,"33":0,"34":0,"35":0,"36":2},"f":{"0":0,"1":1,"2":2,"3":2,"4":0},"b":{"0":[0,0],"1":[0,0],"2":[0,0]},"_coverageSchema":"1a1c01bbd47fc00a2c39e90264f33305004495a9","hash":"16ac8863ad7074963408095e166cc3113d014d94"}
,"/Users/juandcastillo/Documents/GitHub/Volunteer-App/backend/src/routes/noti.js": {"path":"/Users/juandcastillo/Documents/GitHub/Volunteer-App/backend/src/routes/noti.js","statementMap":{"0":{"start":{"line":1,"column":16},"end":{"line":1,"column":34}},"1":{"start":{"line":2,"column":67},"end":{"line":2,"column":107}},"2":{"start":{"line":4,"column":15},"end":{"line":4,"column":31}},"3":{"start":{"line":6,"column":0},"end":{"line":6,"column":39}},"4":{"start":{"line":7,"column":0},"end":{"line":7,"column":34}},"5":{"start":{"line":8,"column":0},"end":{"line":8,"column":42}},"6":{"start":{"line":10,"column":0},"end":{"line":10,"column":24}}},"fnMap":{},"branchMap":{},"s":{"0":1,"1":1,"2":1,"3":1,"4":1,"5":1,"6":1},"f":{},"b":{},"_coverageSchema":"1a1c01bbd47fc00a2c39e90264f33305004495a9","hash":"085fda4698cf61d7c236a447dc5b950837b3802d"}
,"/Users/juandcastillo/Documents/GitHub/Volunteer-App/backend/src/routes/profile.js": {"path":"/Users/juandcastillo/Documents/GitHub/Volunteer-App/backend/src/routes/profile.js","statementMap":{"0":{"start":{"line":1,"column":16},"end":{"line":1,"column":34}},"1":{"start":{"line":2,"column":15},"end":{"line":2,"column":31}},"2":{"start":{"line":3,"column":26},"end":{"line":3,"column":69}},"3":{"start":{"line":4,"column":20},"end":{"line":4,"column":52}},"4":{"start":{"line":7,"column":0},"end":{"line":15,"column":3}},"5":{"start":{"line":8,"column":2},"end":{"line":14,"column":3}},"6":{"start":{"line":9,"column":24},"end":{"line":9,"column":49}},"7":{"start":{"line":10,"column":4},"end":{"line":10,"column":29}},"8":{"start":{"line":11,"column":4},"end":{"line":11,"column":38}},"9":{"start":{"line":13,"column":4},"end":{"line":13,"column":53}},"10":{"start":{"line":18,"column":0},"end":{"line":28,"column":3}},"11":{"start":{"line":19,"column":2},"end":{"line":27,"column":3}},"12":{"start":{"line":20,"column":24},"end":{"line":20,"column":65}},"13":{"start":{"line":21,"column":4},"end":{"line":23,"column":5}},"14":{"start":{"line":22,"column":6},"end":{"line":22,"column":65}},"15":{"start":{"line":24,"column":4},"end":{"line":24,"column":26}},"16":{"start":{"line":26,"column":4},"end":{"line":26,"column":53}},"17":{"start":{"line":30,"column":0},"end":{"line":30,"column":24}}},"fnMap":{"0":{"name":"(anonymous_0)","decl":{"start":{"line":7,"column":23},"end":{"line":7,"column":24}},"loc":{"start":{"line":7,"column":43},"end":{"line":15,"column":1}},"line":7},"1":{"name":"(anonymous_1)","decl":{"start":{"line":18,"column":19},"end":{"line":18,"column":20}},"loc":{"start":{"line":18,"column":39},"end":{"line":28,"column":1}},"line":18}},"branchMap":{"0":{"loc":{"start":{"line":21,"column":4},"end":{"line":23,"column":5}},"type":"if","locations":[{"start":{"line":21,"column":4},"end":{"line":23,"column":5}},{"start":{},"end":{}}],"line":21}},"s":{"0":2,"1":2,"2":2,"3":2,"4":2,"5":0,"6":0,"7":0,"8":0,"9":0,"10":2,"11":2,"12":2,"13":0,"14":0,"15":0,"16":2,"17":2},"f":{"0":0,"1":2},"b":{"0":[0,0]},"_coverageSchema":"1a1c01bbd47fc00a2c39e90264f33305004495a9","hash":"1cdfb9b04c60c17ecb42600aabf5b70a48056c23"}
,"/Users/juandcastillo/Documents/GitHub/Volunteer-App/backend/src/routes/volunteerhistory.js": {"path":"/Users/juandcastillo/Documents/GitHub/Volunteer-App/backend/src/routes/volunteerhistory.js","statementMap":{"0":{"start":{"line":2,"column":35},"end":{"line":2,"column":87}},"1":{"start":{"line":3,"column":16},"end":{"line":3,"column":34}},"2":{"start":{"line":4,"column":25},"end":{"line":4,"column":62}},"3":{"start":{"line":5,"column":15},"end":{"line":5,"column":31}},"4":{"start":{"line":8,"column":0},"end":{"line":24,"column":3}},"5":{"start":{"line":9,"column":2},"end":{"line":23,"column":3}},"6":{"start":{"line":10,"column":68},"end":{"line":10,"column":76}},"7":{"start":{"line":12,"column":22},"end":{"line":17,"column":6}},"8":{"start":{"line":19,"column":4},"end":{"line":19,"column":27}},"9":{"start":{"line":20,"column":4},"end":{"line":20,"column":36}},"10":{"start":{"line":22,"column":4},"end":{"line":22,"column":53}},"11":{"start":{"line":27,"column":0},"end":{"line":34,"column":3}},"12":{"start":{"line":28,"column":2},"end":{"line":33,"column":3}},"13":{"start":{"line":29,"column":20},"end":{"line":29,"column":93}},"14":{"start":{"line":30,"column":4},"end":{"line":30,"column":22}},"15":{"start":{"line":32,"column":4},"end":{"line":32,"column":53}},"16":{"start":{"line":37,"column":0},"end":{"line":47,"column":3}},"17":{"start":{"line":38,"column":2},"end":{"line":46,"column":3}},"18":{"start":{"line":39,"column":20},"end":{"line":39,"column":99}},"19":{"start":{"line":40,"column":4},"end":{"line":42,"column":5}},"20":{"start":{"line":41,"column":6},"end":{"line":41,"column":86}},"21":{"start":{"line":43,"column":4},"end":{"line":43,"column":22}},"22":{"start":{"line":45,"column":4},"end":{"line":45,"column":53}},"23":{"start":{"line":50,"column":0},"end":{"line":60,"column":3}},"24":{"start":{"line":51,"column":2},"end":{"line":59,"column":3}},"25":{"start":{"line":52,"column":20},"end":{"line":52,"column":99}},"26":{"start":{"line":53,"column":4},"end":{"line":55,"column":5}},"27":{"start":{"line":54,"column":6},"end":{"line":54,"column":82}},"28":{"start":{"line":56,"column":4},"end":{"line":56,"column":22}},"29":{"start":{"line":58,"column":4},"end":{"line":58,"column":53}},"30":{"start":{"line":63,"column":0},"end":{"line":73,"column":3}},"31":{"start":{"line":64,"column":2},"end":{"line":72,"column":3}},"32":{"start":{"line":65,"column":26},"end":{"line":65,"column":106}},"33":{"start":{"line":66,"column":4},"end":{"line":68,"column":5}},"34":{"start":{"line":67,"column":6},"end":{"line":67,"column":67}},"35":{"start":{"line":69,"column":4},"end":{"line":69,"column":28}},"36":{"start":{"line":71,"column":4},"end":{"line":71,"column":53}},"37":{"start":{"line":76,"column":0},"end":{"line":86,"column":3}},"38":{"start":{"line":77,"column":2},"end":{"line":85,"column":3}},"39":{"start":{"line":78,"column":26},"end":{"line":78,"column":81}},"40":{"start":{"line":79,"column":4},"end":{"line":81,"column":5}},"41":{"start":{"line":80,"column":6},"end":{"line":80,"column":67}},"42":{"start":{"line":82,"column":4},"end":{"line":82,"column":44}},"43":{"start":{"line":84,"column":4},"end":{"line":84,"column":53}},"44":{"start":{"line":88,"column":0},"end":{"line":88,"column":24}}},"fnMap":{"0":{"name":"(anonymous_0)","decl":{"start":{"line":8,"column":23},"end":{"line":8,"column":24}},"loc":{"start":{"line":8,"column":43},"end":{"line":24,"column":1}},"line":8},"1":{"name":"(anonymous_1)","decl":{"start":{"line":27,"column":16},"end":{"line":27,"column":17}},"loc":{"start":{"line":27,"column":36},"end":{"line":34,"column":1}},"line":27},"2":{"name":"(anonymous_2)","decl":{"start":{"line":37,"column":29},"end":{"line":37,"column":30}},"loc":{"start":{"line":37,"column":49},"end":{"line":47,"column":1}},"line":37},"3":{"name":"(anonymous_3)","decl":{"start":{"line":50,"column":25},"end":{"line":50,"column":26}},"loc":{"start":{"line":50,"column":45},"end":{"line":60,"column":1}},"line":50},"4":{"name":"(anonymous_4)","decl":{"start":{"line":63,"column":19},"end":{"line":63,"column":20}},"loc":{"start":{"line":63,"column":39},"end":{"line":73,"column":1}},"line":63},"5":{"name":"(anonymous_5)","decl":{"start":{"line":76,"column":22},"end":{"line":76,"column":23}},"loc":{"start":{"line":76,"column":42},"end":{"line":86,"column":1}},"line":76}},"branchMap":{"0":{"loc":{"start":{"line":40,"column":4},"end":{"line":42,"column":5}},"type":"if","locations":[{"start":{"line":40,"column":4},"end":{"line":42,"column":5}},{"start":{},"end":{}}],"line":40},"1":{"loc":{"start":{"line":53,"column":4},"end":{"line":55,"column":5}},"type":"if","locations":[{"start":{"line":53,"column":4},"end":{"line":55,"column":5}},{"start":{},"end":{}}],"line":53},"2":{"loc":{"start":{"line":66,"column":4},"end":{"line":68,"column":5}},"type":"if","locations":[{"start":{"line":66,"column":4},"end":{"line":68,"column":5}},{"start":{},"end":{}}],"line":66},"3":{"loc":{"start":{"line":79,"column":4},"end":{"line":81,"column":5}},"type":"if","locations":[{"start":{"line":79,"column":4},"end":{"line":81,"column":5}},{"start":{},"end":{}}],"line":79}},"s":{"0":1,"1":1,"2":1,"3":1,"4":1,"5":0,"6":0,"7":0,"8":0,"9":0,"10":0,"11":1,"12":1,"13":1,"14":0,"15":0,"16":1,"17":0,"18":0,"19":0,"20":0,"21":0,"22":0,"23":1,"24":0,"25":0,"26":0,"27":0,"28":0,"29":0,"30":1,"31":0,"32":0,"33":0,"34":0,"35":0,"36":0,"37":1,"38":0,"39":0,"40":0,"41":0,"42":0,"43":0,"44":1},"f":{"0":0,"1":1,"2":0,"3":0,"4":0,"5":0},"b":{"0":[0,0],"1":[0,0],"2":[0,0],"3":[0,0]},"_coverageSchema":"1a1c01bbd47fc00a2c39e90264f33305004495a9","hash":"c99b7936d5d06c4ebad879c8e7420fa22abe5982"}
,"/Users/juandcastillo/Documents/GitHub/Volunteer-App/backend/src/routes/volunteermatch.js": {"path":"/Users/juandcastillo/Documents/GitHub/Volunteer-App/backend/src/routes/volunteermatch.js","statementMap":{"0":{"start":{"line":1,"column":16},"end":{"line":1,"column":34}},"1":{"start":{"line":2,"column":15},"end":{"line":2,"column":31}},"2":{"start":{"line":3,"column":33},"end":{"line":3,"column":83}},"3":{"start":{"line":6,"column":0},"end":{"line":6,"column":61}},"4":{"start":{"line":7,"column":0},"end":{"line":7,"column":58}},"5":{"start":{"line":8,"column":0},"end":{"line":8,"column":55}},"6":{"start":{"line":9,"column":0},"end":{"line":9,"column":57}},"7":{"start":{"line":10,"column":0},"end":{"line":10,"column":60}},"8":{"start":{"line":12,"column":0},"end":{"line":12,"column":24}}},"fnMap":{},"branchMap":{},"s":{"0":1,"1":1,"2":1,"3":1,"4":1,"5":1,"6":1,"7":1,"8":1},"f":{},"b":{},"_coverageSchema":"1a1c01bbd47fc00a2c39e90264f33305004495a9","hash":"713c18deb8ddc3f961082457b49e53dd6d34ae54"}
}
