TN:
SF:src\controllers\authController.js
FN:6,(anonymous_0)
FN:39,(anonymous_1)
FN:67,(anonymous_2)
FNF:3
FNH:3
FNDA:2,(anonymous_0)
FNDA:2,(anonymous_1)
FNDA:1,(anonymous_2)
DA:1,1
DA:2,1
DA:3,1
DA:6,1
DA:7,2
DA:9,2
DA:11,2
DA:12,2
DA:13,1
DA:17,1
DA:31,1
DA:32,1
DA:34,0
DA:39,1
DA:40,2
DA:42,2
DA:44,2
DA:45,2
DA:46,0
DA:50,2
DA:51,2
DA:52,1
DA:56,1
DA:60,1
DA:62,0
DA:67,1
DA:68,1
DA:69,1
DA:70,1
DA:72,0
DA:76,1
LF:31
LH:27
BRDA:12,0,0,1
BRDA:12,0,1,1
BRDA:45,1,0,0
BRDA:45,1,1,2
BRDA:51,2,0,1
BRDA:51,2,1,1
BRF:6
BRH:5
end_of_record
TN:
SF:src\controllers\notiController.js
FN:3,(anonymous_0)
FN:10,(anonymous_1)
FN:14,(anonymous_2)
FN:16,(anonymous_3)
FNF:4
FNH:4
FNDA:1,(anonymous_0)
FNDA:1,(anonymous_1)
FNDA:2,(anonymous_2)
FNDA:1,(anonymous_3)
DA:1,1
DA:3,1
DA:4,1
DA:5,1
DA:6,1
DA:7,1
DA:10,1
DA:11,1
DA:14,1
DA:15,2
DA:16,2
DA:17,2
DA:18,1
DA:19,1
DA:21,1
LF:15
LH:15
BRDA:17,0,0,1
BRDA:17,0,1,1
BRF:2
BRH:2
end_of_record
TN:
SF:src\models\UserCredentials.js
FN:11,(anonymous_0)
FN:23,(anonymous_1)
FNF:2
FNH:2
FNDA:5,(anonymous_0)
FNDA:2,(anonymous_1)
DA:1,1
DA:2,1
DA:5,1
DA:11,1
DA:12,5
DA:13,5
DA:14,5
DA:15,5
DA:16,5
DA:18,0
DA:23,1
DA:24,2
DA:27,1
LF:13
LH:12
BRDA:12,0,0,0
BRDA:12,0,1,5
BRF:2
BRH:1
end_of_record
TN:
SF:src\routes\auth.js
FNF:0
FNH:0
DA:1,1
DA:2,1
DA:3,1
DA:6,1
DA:9,1
DA:11,1
LF:6
LH:6
BRF:0
BRH:0
end_of_record
