TN:
SF:server.js
FN:36,(anonymous_0)
FN:37,(anonymous_1)
FN:57,(anonymous_2)
FN:60,(anonymous_3)
FN:65,(anonymous_4)
FN:75,(anonymous_5)
FNF:6
FNH:1
FNDA:3,(anonymous_0)
FNDA:0,(anonymous_1)
FNDA:0,(anonymous_2)
FNDA:0,(anonymous_3)
FNDA:0,(anonymous_4)
FNDA:0,(anonymous_5)
DA:1,3
DA:2,3
DA:3,3
DA:4,3
DA:5,3
DA:6,3
DA:8,3
DA:9,3
DA:10,3
DA:19,3
DA:20,3
DA:27,3
DA:29,3
DA:30,0
DA:31,0
DA:35,3
DA:36,3
DA:37,0
DA:39,3
DA:40,3
DA:41,3
DA:42,3
DA:43,3
DA:44,3
DA:45,3
DA:47,3
DA:48,3
DA:49,3
DA:50,3
DA:51,3
DA:52,3
DA:53,3
DA:55,3
DA:57,3
DA:58,0
DA:60,0
DA:61,0
DA:65,3
DA:66,0
DA:67,0
DA:68,0
DA:70,0
DA:72,0
DA:75,3
DA:76,0
DA:79,3
LF:46
LH:34
BRDA:29,0,0,0
BRDA:29,0,1,3
BRDA:55,1,0,3
BRDA:55,1,1,0
BRF:4
BRH:2
end_of_record
TN:
SF:src\controllers\authController.js
FN:7,(anonymous_0)
FN:43,(anonymous_1)
FN:71,(anonymous_2)
FNF:3
FNH:2
FNDA:2,(anonymous_0)
FNDA:2,(anonymous_1)
FNDA:0,(anonymous_2)
DA:1,4
DA:2,4
DA:3,4
DA:4,4
DA:7,4
DA:8,2
DA:10,2
DA:12,2
DA:13,2
DA:14,1
DA:18,1
DA:19,1
DA:22,1
DA:34,1
DA:36,0
DA:38,1
DA:43,4
DA:44,2
DA:46,2
DA:48,2
DA:49,2
DA:50,0
DA:54,2
DA:55,2
DA:56,1
DA:60,1
DA:63,1
DA:64,1
DA:66,0
DA:71,4
DA:72,0
DA:74,0
DA:75,0
DA:78,0
DA:79,0
DA:81,0
DA:83,0
DA:85,0
DA:86,0
DA:91,4
LF:40
LH:28
BRDA:13,0,0,1
BRDA:13,0,1,1
BRDA:49,1,0,0
BRDA:49,1,1,2
BRDA:55,2,0,1
BRDA:55,2,1,1
BRDA:75,3,0,0
BRDA:75,3,1,0
BRDA:81,4,0,0
BRDA:81,4,1,0
BRF:10
BRH:5
end_of_record
TN:
SF:src\controllers\eventController.js
FN:5,(anonymous_0)
FN:31,(anonymous_1)
FN:41,(anonymous_2)
FN:56,(anonymous_3)
FN:80,(anonymous_4)
FNF:5
FNH:4
FNDA:0,(anonymous_0)
FNDA:2,(anonymous_1)
FNDA:2,(anonymous_2)
FNDA:1,(anonymous_3)
FNDA:1,(anonymous_4)
DA:2,3
DA:3,3
DA:5,3
DA:6,0
DA:7,0
DA:8,0
DA:11,0
DA:13,0
DA:14,0
DA:23,0
DA:24,0
DA:26,0
DA:27,0
DA:31,3
DA:32,2
DA:33,2
DA:34,1
DA:36,1
DA:37,1
DA:41,3
DA:42,2
DA:44,2
DA:45,2
DA:46,1
DA:47,1
DA:49,0
DA:51,1
DA:52,1
DA:56,3
DA:57,1
DA:58,1
DA:60,1
DA:61,1
DA:70,1
DA:71,1
DA:73,0
DA:75,0
DA:76,0
DA:80,3
DA:81,1
DA:83,1
DA:84,1
DA:85,1
DA:86,1
DA:88,0
DA:90,0
DA:91,0
DA:95,3
LF:48
LH:31
BRDA:7,0,0,0
BRDA:7,0,1,0
BRDA:46,1,0,1
BRDA:46,1,1,0
BRDA:70,2,0,1
BRDA:70,2,1,0
BRDA:85,3,0,1
BRDA:85,3,1,0
BRF:8
BRH:3
end_of_record
TN:
SF:src\controllers\notiController.js
FN:3,(anonymous_0)
FN:10,(anonymous_1)
FN:14,(anonymous_2)
FN:16,(anonymous_3)
FNF:4
FNH:4
FNDA:3,(anonymous_0)
FNDA:2,(anonymous_1)
FNDA:2,(anonymous_2)
FNDA:1,(anonymous_3)
DA:1,4
DA:3,4
DA:4,3
DA:5,3
DA:6,3
DA:7,3
DA:10,4
DA:11,2
DA:14,4
DA:15,2
DA:16,2
DA:17,2
DA:18,1
DA:19,1
DA:21,1
LF:15
LH:15
BRDA:17,0,0,1
BRDA:17,0,1,1
BRF:2
BRH:2
end_of_record
TN:
SF:src\controllers\profileController.js
FN:4,(anonymous_0)
FNF:1
FNH:0
FNDA:0,(anonymous_0)
DA:2,3
DA:4,3
DA:5,0
DA:6,0
DA:9,0
DA:10,0
DA:11,0
DA:13,0
DA:15,0
DA:16,0
DA:20,3
LF:11
LH:3
BRDA:10,0,0,0
BRDA:10,0,1,0
BRF:2
BRH:0
end_of_record
TN:
SF:src\controllers\reportController.js
FN:7,(anonymous_0)
FN:20,(anonymous_1)
FN:25,(anonymous_2)
FN:26,(anonymous_3)
FN:37,(anonymous_4)
FN:53,(anonymous_5)
FN:60,(anonymous_6)
FNF:7
FNH:0
FNDA:0,(anonymous_0)
FNDA:0,(anonymous_1)
FNDA:0,(anonymous_2)
FNDA:0,(anonymous_3)
FNDA:0,(anonymous_4)
FNDA:0,(anonymous_5)
FNDA:0,(anonymous_6)
DA:1,3
DA:2,3
DA:3,3
DA:4,3
DA:5,3
DA:7,3
DA:8,0
DA:9,0
DA:10,0
DA:11,0
DA:12,0
DA:13,0
DA:15,0
DA:16,0
DA:18,0
DA:20,0
DA:21,0
DA:22,0
DA:23,0
DA:25,0
DA:26,0
DA:27,0
DA:28,0
DA:29,0
DA:31,0
DA:34,0
DA:37,3
DA:38,0
DA:51,0
DA:53,0
DA:60,0
DA:63,0
DA:64,0
DA:67,3
LF:34
LH:8
BRF:0
BRH:0
end_of_record
TN:
SF:src\controllers\volunteerhistoryController.js
FN:5,(anonymous_0)
FN:38,(anonymous_1)
FN:52,(anonymous_2)
FN:70,(anonymous_3)
FN:88,(anonymous_4)
FN:106,(anonymous_5)
FNF:6
FNH:0
FNDA:0,(anonymous_0)
FNDA:0,(anonymous_1)
FNDA:0,(anonymous_2)
FNDA:0,(anonymous_3)
FNDA:0,(anonymous_4)
FNDA:0,(anonymous_5)
DA:1,3
DA:2,3
DA:3,3
DA:5,3
DA:6,0
DA:7,0
DA:9,0
DA:11,0
DA:12,0
DA:16,0
DA:17,0
DA:18,0
DA:22,0
DA:29,0
DA:30,0
DA:32,0
DA:33,0
DA:38,3
DA:39,0
DA:40,0
DA:43,0
DA:45,0
DA:46,0
DA:52,3
DA:53,0
DA:55,0
DA:56,0
DA:59,0
DA:60,0
DA:62,0
DA:64,0
DA:65,0
DA:70,3
DA:71,0
DA:73,0
DA:74,0
DA:77,0
DA:78,0
DA:80,0
DA:82,0
DA:83,0
DA:88,3
DA:89,0
DA:90,0
DA:92,0
DA:93,0
DA:95,0
DA:96,0
DA:98,0
DA:100,0
DA:101,0
DA:106,3
DA:107,0
DA:109,0
DA:110,0
DA:112,0
DA:113,0
DA:115,0
DA:117,0
DA:118,0
DA:122,3
LF:61
LH:10
BRDA:11,0,0,0
BRDA:11,0,1,0
BRDA:11,1,0,0
BRDA:11,1,1,0
BRDA:17,2,0,0
BRDA:17,2,1,0
BRDA:26,3,0,0
BRDA:26,3,1,0
BRDA:59,4,0,0
BRDA:59,4,1,0
BRDA:77,5,0,0
BRDA:77,5,1,0
BRDA:95,6,0,0
BRDA:95,6,1,0
BRDA:112,7,0,0
BRDA:112,7,1,0
BRF:16
BRH:0
end_of_record
TN:
SF:src\controllers\volunteermatchController.js
FN:6,(anonymous_0)
FN:18,(anonymous_1)
FN:19,(anonymous_2)
FN:20,(anonymous_3)
FN:33,(anonymous_4)
FN:47,(anonymous_5)
FN:69,(anonymous_6)
FN:80,(anonymous_7)
FN:91,(anonymous_8)
FN:105,(anonymous_9)
FN:119,(anonymous_10)
FNF:11
FNH:0
FNDA:0,(anonymous_0)
FNDA:0,(anonymous_1)
FNDA:0,(anonymous_2)
FNDA:0,(anonymous_3)
FNDA:0,(anonymous_4)
FNDA:0,(anonymous_5)
FNDA:0,(anonymous_6)
FNDA:0,(anonymous_7)
FNDA:0,(anonymous_8)
FNDA:0,(anonymous_9)
FNDA:0,(anonymous_10)
DA:1,3
DA:2,3
DA:3,3
DA:6,3
DA:7,0
DA:9,0
DA:10,0
DA:11,0
DA:15,0
DA:18,0
DA:19,0
DA:20,0
DA:22,0
DA:25,0
DA:27,0
DA:28,0
DA:33,3
DA:34,0
DA:35,0
DA:37,0
DA:39,0
DA:41,0
DA:47,3
DA:48,0
DA:49,0
DA:51,0
DA:60,0
DA:61,0
DA:63,0
DA:64,0
DA:69,3
DA:70,0
DA:71,0
DA:72,0
DA:74,0
DA:75,0
DA:80,3
DA:81,0
DA:82,0
DA:83,0
DA:85,0
DA:86,0
DA:91,3
DA:92,0
DA:93,0
DA:94,0
DA:95,0
DA:97,0
DA:99,0
DA:100,0
DA:105,3
DA:106,0
DA:107,0
DA:108,0
DA:109,0
DA:111,0
DA:113,0
DA:114,0
DA:119,3
DA:120,0
DA:121,0
DA:122,0
DA:123,0
DA:125,0
DA:127,0
DA:128,0
DA:132,3
LF:67
LH:12
BRDA:10,0,0,0
BRDA:10,0,1,0
BRDA:22,1,0,0
BRDA:22,1,1,0
BRDA:94,2,0,0
BRDA:94,2,1,0
BRDA:108,3,0,0
BRDA:108,3,1,0
BRDA:122,4,0,0
BRDA:122,4,1,0
BRF:10
BRH:0
end_of_record
TN:
SF:src\middleware\authMiddleware.js
FN:4,(anonymous_0)
FNF:1
FNH:0
FNDA:0,(anonymous_0)
DA:1,4
DA:2,4
DA:4,4
DA:5,0
DA:6,0
DA:7,0
DA:8,0
DA:11,0
DA:12,0
DA:13,0
DA:16,0
DA:17,0
DA:19,0
DA:20,0
DA:23,0
DA:24,0
DA:26,0
DA:27,0
DA:29,0
DA:30,0
DA:32,0
DA:33,0
DA:37,4
LF:23
LH:4
BRDA:7,0,0,0
BRDA:7,0,1,0
BRDA:7,1,0,0
BRDA:7,1,1,0
BRDA:12,2,0,0
BRDA:12,2,1,0
BRDA:19,3,0,0
BRDA:19,3,1,0
BRDA:26,4,0,0
BRDA:26,4,1,0
BRDA:29,5,0,0
BRDA:29,5,1,0
BRF:12
BRH:0
end_of_record
TN:
SF:src\models\EventDetails.js
FNF:0
FNH:0
DA:1,3
DA:3,3
DA:30,3
DA:32,3
LF:4
LH:4
BRF:0
BRH:0
end_of_record
TN:
SF:src\models\UserCredentials.js
FN:11,(anonymous_0)
FN:23,(anonymous_1)
FNF:2
FNH:2
FNDA:5,(anonymous_0)
FNDA:2,(anonymous_1)
DA:1,4
DA:2,4
DA:5,4
DA:11,4
DA:12,5
DA:13,5
DA:14,5
DA:15,5
DA:16,5
DA:18,0
DA:23,4
DA:24,2
DA:27,4
LF:13
LH:12
BRDA:12,0,0,0
BRDA:12,0,1,5
BRF:2
BRH:1
end_of_record
TN:
SF:src\models\UserProfile.js
FNF:0
FNH:0
DA:2,4
DA:4,4
DA:17,4
LF:3
LH:3
BRF:0
BRH:0
end_of_record
TN:
SF:src\models\VolunteerHistory.js
FNF:0
FNH:0
DA:1,3
DA:4,3
DA:12,3
LF:3
LH:3
BRF:0
BRH:0
end_of_record
TN:
SF:src\models\VolunteerMatch.js
FNF:0
FNH:0
DA:2,3
DA:4,3
DA:49,3
LF:3
LH:3
BRF:0
BRH:0
end_of_record
TN:
SF:src\routes\auth.js
FNF:0
FNH:0
DA:1,4
DA:2,4
DA:3,4
DA:4,4
DA:6,4
DA:8,4
DA:11,4
DA:13,4
LF:8
LH:8
BRF:0
BRH:0
end_of_record
TN:
SF:src\routes\event.js
FNF:0
FNH:0
DA:1,3
DA:2,3
DA:3,3
DA:4,3
DA:7,3
DA:10,3
DA:13,3
DA:16,3
DA:19,3
DA:21,3
LF:10
LH:10
BRF:0
BRH:0
end_of_record
TN:
SF:src\routes\noti.js
FNF:0
FNH:0
DA:1,3
DA:2,3
DA:4,3
DA:6,3
DA:7,3
DA:8,3
DA:10,3
LF:7
LH:7
BRF:0
BRH:0
end_of_record
TN:
SF:src\routes\profile.js
FNF:0
FNH:0
DA:2,3
DA:3,3
DA:4,3
DA:5,3
DA:8,3
DA:10,3
LF:6
LH:6
BRF:0
BRH:0
end_of_record
TN:
SF:src\routes\reportRoutes.js
FNF:0
FNH:0
DA:1,3
DA:2,3
DA:4,3
DA:6,3
DA:7,3
DA:9,3
LF:6
LH:6
BRF:0
BRH:0
end_of_record
TN:
SF:src\routes\volunteerhistory.js
FNF:0
FNH:0
DA:1,3
DA:2,3
DA:3,3
DA:6,3
DA:7,3
DA:8,3
DA:9,3
DA:10,3
DA:11,3
DA:13,3
LF:10
LH:10
BRF:0
BRH:0
end_of_record
TN:
SF:src\routes\volunteermatch.js
FNF:0
FNH:0
DA:1,3
DA:2,3
DA:3,3
DA:6,3
DA:9,3
DA:12,3
DA:15,3
DA:18,3
DA:21,3
DA:24,3
DA:26,3
LF:11
LH:11
BRF:0
BRH:0
end_of_record
